[root@cloud-node non-essential_size]# python3 demonstrate_optional_file.py 
请输入目录路径: /home/chenpengyu/openfaas-la/app5
目录总大小: 18.14 MB
匹配的文件和目录总大小: 0.82 MB
匹配项占目录总大小的比例: 4.50%
[root@cloud-node non-essential_size]# python3 demonstrate_optional_file.py 
请输入目录路径: /home/chenpengyu/openfaas-la/app6
目录总大小: 119.39 MB
匹配的文件和目录总大小: 39.41 MB
匹配项占目录总大小的比例: 33.01%
[root@cloud-node non-essential_size]# python3 demonstrate_optional_file.py 
请输入目录路径: /home/chenpengyu/openfaas-la/app7
目录总大小: 246.58 MB
匹配的文件和目录总大小: 33.11 MB
匹配项占目录总大小的比例: 13.43%
[root@cloud-node non-essential_size]# python3 demonstrate_optional_file.py 
请输入目录路径: /home/chenpengyu/openfaas-la/app8
目录总大小: 238.13 MB
匹配的文件和目录总大小: 8.70 MB
匹配项占目录总大小的比例: 3.65%
[root@cloud-node non-essential_size]# python3 demonstrate_optional_file.py 
请输入目录路径: /home/chenpengyu/openfaas-la/marshal
目录总大小: 0.52 MB
匹配的文件和目录总大小: 0.20 MB
匹配项占目录总大小的比例: 37.53%
[root@cloud-node non-essential_size]# python3 demonstrate_optional_file.py 
请输入目录路径: /home/chenpengyu/openfaas-la/app10
目录总大小: 259.08 MB
匹配的文件和目录总大小: 56.34 MB
匹配项占目录总大小的比例: 21.75%
[root@cloud-node non-essential_size]# 

-----
映射表
midd-compression- compress
midd-dynamic-html - html
midd-graph-pagerank - page
midd-thumbnailer -thumbnailer
midd-uploader -uploader
midd-video-processing - video

[root@cloud-node non-essential_size]# python3 demonstrate_no_essential_file.py 
请输入目录路径: /home/chenpengyu/openfaas-la/midd-compression
目录总大小: 0.00 MB
匹配的文件和目录总大小: 0.00 MB
匹配项占目录总大小的比例: 0.00%
[root@cloud-node non-essential_size]# python3 demonstrate_no_essential_file.py 
请输入目录路径: /home/chenpengyu/openfaas-la/midd-dynamic-html
目录总大小: 0.96 MB
匹配的文件和目录总大小: 0.44 MB
匹配项占目录总大小的比例: 45.89%
[root@cloud-node non-essential_size]# python3 demonstrate_no_essential_file.py 
请输入目录路径: /home/chenpengyu/openfaas-la/midd-graph-pagerank
目录总大小: 11.82 MB
匹配的文件和目录总大小: 0.80 MB
匹配项占目录总大小的比例: 6.74%
[root@cloud-node non-essential_size]# python3 demonstrate_no_essential_file.py 
请输入目录路径: /home/chenpengyu/openfaas-la/midd-thumbnailer
目录总大小: 20.90 MB
匹配的文件和目录总大小: 0.94 MB
匹配项占目录总大小的比例: 4.50%
[root@cloud-node non-essential_size]# python3 demonstrate_no_essential_file.py 
请输入目录路径: /home/chenpengyu/openfaas-la/midd-uploader
目录总大小: 0.00 MB
匹配的文件和目录总大小: 0.00 MB
匹配项占目录总大小的比例: 0.00%
[root@cloud-node non-essential_size]# python3 demonstrate_no_essential_file.py 
请输入目录路径: /home/chenpengyu/openfaas-la/midd-video-processing
目录总大小: 21.00 MB
匹配的文件和目录总大小: 0.94 MB
匹配项占目录总大小的比例: 4.48%
